\BOOKMARK [1][-]{section.1}{\376\377\000\334\000b\000e\000r\000s\000i\000c\000h\000t}{}% 1
\BOOKMARK [1][-]{section.2}{\376\377\000V\000o\000r\000a\000u\000s\000s\000e\000t\000z\000u\000n\000g\000e\000n}{}% 2
\BOOKMARK [2][-]{subsection.2.1}{\376\377\000B\000i\000b\000l\000i\000o\000t\000h\000e\000k\000e\000n}{section.2}% 3
\BOOKMARK [2][-]{subsection.2.2}{\376\377\000H\000a\000r\000d\000w\000a\000r\000e}{section.2}% 4
\BOOKMARK [1][-]{section.3}{\376\377\000P\000r\000o\000j\000e\000k\000t\000s\000t\000r\000u\000k\000t\000u\000r}{}% 5
\BOOKMARK [1][-]{section.4}{\376\377\000W\000i\000c\000h\000t\000i\000g\000e\000\040\000K\000o\000m\000p\000o\000n\000e\000n\000t\000e\000n\000\040\000d\000e\000s\000\040\000S\000k\000r\000i\000p\000t\000s}{}% 6
\BOOKMARK [2][-]{subsection.4.1}{\376\377\000O\000b\000j\000e\000c\000t\000D\000e\000t\000e\000c\000t\000i\000o\000n\000D\000a\000t\000a\000s\000e\000t}{section.4}% 7
\BOOKMARK [2][-]{subsection.4.2}{\376\377\000T\000r\000a\000n\000s\000f\000o\000r\000m\000a\000t\000i\000o\000n\000s\000f\000u\000n\000k\000t\000i\000o\000n}{section.4}% 8
\BOOKMARK [2][-]{subsection.4.3}{\376\377\000A\000n\000n\000o\000t\000a\000t\000i\000o\000n\000-\000P\000a\000r\000s\000e\000r}{section.4}% 9
\BOOKMARK [1][-]{section.5}{\376\377\000T\000r\000a\000i\000n\000i\000n\000g\000s\000p\000i\000p\000e\000l\000i\000n\000e}{}% 10
\BOOKMARK [2][-]{subsection.5.1}{\376\377\000M\000o\000d\000e\000l\000l\000i\000n\000i\000t\000i\000a\000l\000i\000s\000i\000e\000r\000u\000n\000g}{section.5}% 11
\BOOKMARK [2][-]{subsection.5.2}{\376\377\000T\000r\000a\000i\000n\000i\000n\000g\000\040\000L\000o\000o\000p}{section.5}% 12
\BOOKMARK [2][-]{subsection.5.3}{\376\377\000C\000h\000e\000c\000k\000p\000o\000i\000n\000t\000-\000S\000p\000e\000i\000c\000h\000e\000r\000u\000n\000g}{section.5}% 13
\BOOKMARK [1][-]{section.6}{\376\377\000I\000n\000f\000e\000r\000e\000n\000c\000e\000\040\000/\000\040\000V\000o\000r\000h\000e\000r\000s\000a\000g\000e}{}% 14
\BOOKMARK [2][-]{subsection.6.1}{\376\377\000B\000e\000i\000s\000p\000i\000e\000l\000-\000A\000u\000f\000r\000u\000f}{section.6}% 15
\BOOKMARK [2][-]{subsection.6.2}{\376\377\000F\000u\000n\000k\000t\000i\000o\000n\000s\000w\000e\000i\000s\000e}{section.6}% 16
\BOOKMARK [1][-]{section.7}{\376\377\000M\000o\000d\000e\000l\000l\000s\000p\000e\000i\000c\000h\000e\000r\000u\000n\000g\000\040\000u\000n\000d\000\040\000W\000i\000e\000d\000e\000r\000v\000e\000r\000w\000e\000n\000d\000u\000n\000g}{}% 17
\BOOKMARK [1][-]{section.8}{\376\377\000A\000n\000p\000a\000s\000s\000u\000n\000g\000s\000m\000\366\000g\000l\000i\000c\000h\000k\000e\000i\000t\000e\000n}{}% 18
\BOOKMARK [1][-]{section.9}{\376\377\000B\000e\000i\000s\000p\000i\000e\000l\000a\000u\000s\000g\000a\000b\000e}{}% 19
\BOOKMARK [1][-]{section.10}{\376\377\000F\000a\000z\000i\000t}{}% 20
